#
# A fatal error has been detected by the Java Runtime Environment:
#
#  EXCEPTION_INT_DIVIDE_BY_ZERO (0xc0000094) at pc=0x00007ff9a9eb7099, pid=33224, tid=15136
#
# JRE version: OpenJDK Runtime Environment Corretto-11.0.19.7.1 (11.0.19+7) (build 11.0.19+7-LTS)
# Java VM: OpenJDK 64-Bit Server VM Corretto-11.0.19.7.1 (11.0.19+7-LTS, mixed mode, tiered, compressed oops, g1 gc, windows-amd64)
# Problematic frame:
# C  [libjni.dll+0x7099]
#
# No core dump will be written. Minidumps are not enabled by default on client versions of Windows
#
# If you would like to submit a bug report, please visit:
#   https://github.com/corretto/corretto-11/issues/
# The crash happened outside the Java Virtual Machine in native code.
# See problematic frame for where to report the bug.
#

---------------  S U M M A R Y ------------

Command Line: -Djava.library.path=C:\Users\sarta\Proger\Java-optimisation\jni-task\libjni\build\lib\main\debug -Dfile.encoding=windows-1252 -Duser.country=US -Duser.language=en -Duser.variant io.github.sartakov1.Main

Host: 11th Gen Intel(R) Core(TM) i7-11700K @ 3.60GHz, 16 cores, 31G,  Windows 11 , 64 bit Build 22621 (10.0.22621.1485)
Time: Thu May 11 13:08:44 2023 Novosibirsk Standard Time elapsed time: 0.058244 seconds (0d 0h 0m 0s)

---------------  T H R E A D  ---------------

Current thread (0x00000262e7d48000):  JavaThread "main" [_thread_in_native, id=15136, stack(0x000000f9d4000000,0x000000f9d4100000)]

Stack: [0x000000f9d4000000,0x000000f9d4100000],  sp=0x000000f9d40ff6a8,  free space=1021k
Native frames: (J=compiled Java code, j=interpreted, Vv=VM code, C=native code)
C  [libjni.dll+0x7099]

Java frames: (J=compiled Java code, j=interpreted, Vv=VM code)
j  io.github.sartakov1.JniMethods.divide(II)I+0
j  io.github.sartakov1.Main.main([Ljava/lang/String;)V+15
v  ~StubRoutines::call_stub

siginfo: EXCEPTION_INT_DIVIDE_BY_ZERO (0xc0000094)


Register to memory mapping:

RIP=0x00007ff9a9eb7099 libjni.dll
RAX=64 is a compressed pointer to class: 0x0000000800000040
RBX={method} {0x00000262961908a0} 'divide' '(II)I' in 'io/github/sartakov1/JniMethods'
RCX=0x00000262e7d48348 points into unknown readable memory: 0x00007ff92afaaeb0 | b0 ae fa 2a f9 7f 00 00
RDX=0x0 is NULL
RSP=0x000000f9d40ff6a8 is pointing into the stack for thread: 0x00000262e7d48000
RBP=0x000000f9d40ff730 is pointing into the stack for thread: 0x00000262e7d48000
RSI=0x000000f9d40ffc20 is pointing into the stack for thread: 0x00000262e7d48000
RDI=0x0000000000000001 is an unknown value
R8 =64 is a compressed pointer to class: 0x0000000800000040
R9 =0x0 is NULL
R10=0x00000262f04cf748 is at code_begin+1000 in an Interpreter codelet
method entry point (kind = native)  [0x00000262f04cf360, 0x00000262f04cfe00]  2720 bytes
R11=0x0000000000000101 is an unknown value
R12=0x0 is NULL
R13={method} {0x00000262961908a0} 'divide' '(II)I' in 'io/github/sartakov1/JniMethods'
R14=0x000000f9d40ff760 is pointing into the stack for thread: 0x00000262e7d48000
R15=0x00000262e7d48000 is a thread


Registers:
RAX=0x0000000000000040, RBX=0x0000026296190898, RCX=0x00000262e7d48348, RDX=0x0000000000000000
RSP=0x000000f9d40ff6a8, RBP=0x000000f9d40ff730, RSI=0x000000f9d40ffc20, RDI=0x0000000000000001
R8 =0x0000000000000040, R9 =0x0000000000000000, R10=0x00000262f04cf748, R11=0x0000000000000101
R12=0x0000000000000000, R13=0x0000026296190898, R14=0x000000f9d40ff760, R15=0x00000262e7d48000
RIP=0x00007ff9a9eb7099, EFLAGS=0x0000000000010206

Top of Stack: (sp=0x000000f9d40ff6a8)
0x000000f9d40ff6a8:   00000262f04cf777 00000262e7d48348
0x000000f9d40ff6b8:   000000f9d40ff760 0000026200000040
0x000000f9d40ff6c8:   000000f900000000 000000f9d40ffc20
0x000000f9d40ff6d8:   00000000000000b7 00000262f04cf416
0x000000f9d40ff6e8:   000000f9d40ff6e8 0000026296190898
0x000000f9d40ff6f8:   000000f9d40ff760 0000026296190d60
0x000000f9d40ff708:   0000000000000000 0000000621d99fe8
0x000000f9d40ff718:   0000026296190898 0000000000000000
0x000000f9d40ff728:   000000f9d40ff750 000000f9d40ff7b8
0x000000f9d40ff738:   00000262f04c9f40 0000000000000000
0x000000f9d40ff748:   00000262f04cc6f6 0000000000000000
0x000000f9d40ff758:   0000000000000040 0000000621d9ad48
0x000000f9d40ff768:   0000000621c0ff60 000000f9d40ff770
0x000000f9d40ff778:   0000026296190347 000000f9d40ff7d0
0x000000f9d40ff788:   00000262961903c8 0000000000000000
0x000000f9d40ff798:   0000000621d98968 0000026296190370 

Instructions: (pc=0x00007ff9a9eb7099)
0x00007ff9a9eb6f99:   cc cc cc cc cc cc cc cc cc cc cc cc cc cc cc cc
0x00007ff9a9eb6fa9:   cc cc cc cc cc cc cc cc cc cc cc cc cc cc cc cc
0x00007ff9a9eb6fb9:   cc cc cc cc cc cc cc cc cc cc cc cc cc cc cc cc
0x00007ff9a9eb6fc9:   cc cc cc cc cc cc cc cc cc cc cc cc cc cc cc cc
0x00007ff9a9eb6fd9:   cc cc cc cc cc cc cc cc cc cc cc cc cc cc cc cc
0x00007ff9a9eb6fe9:   cc cc cc cc cc cc cc cc cc cc cc cc cc cc cc cc
0x00007ff9a9eb6ff9:   cc cc cc cc cc cc cc cc cc cc cc cc cc cc cc cc
0x00007ff9a9eb7009:   cc cc cc cc cc cc cc cc cc cc cc cc cc cc cc cc
0x00007ff9a9eb7019:   cc cc cc cc cc cc cc 48 89 54 24 10 48 89 4c 24
0x00007ff9a9eb7029:   08 48 83 ec 38 48 b9 f8 ff ff ff 07 00 00 00 e8
0x00007ff9a9eb7039:   8b b9 ff ff 48 89 44 24 28 c7 44 24 20 00 00 00
0x00007ff9a9eb7049:   00 eb 0a 8b 44 24 20 ff c0 89 44 24 20 83 7c 24
0x00007ff9a9eb7059:   20 ff 73 15 48 63 44 24 20 48 63 4c 24 20 48 8b
0x00007ff9a9eb7069:   54 24 28 48 89 0c c2 eb da 48 83 c4 38 c3 cc cc
0x00007ff9a9eb7079:   cc cc cc cc cc cc cc 44 89 4c 24 20 44 89 44 24
0x00007ff9a9eb7089:   18 48 89 54 24 10 48 89 4c 24 08 8b 44 24 18 99
0x00007ff9a9eb7099:   f7 7c 24 20 c3 cc cc cc cc cc cc cc cc cc cc cc
0x00007ff9a9eb70a9:   cc cc cc cc cc cc cc 4c 89 44 24 18 48 89 54 24
0x00007ff9a9eb70b9:   10 48 89 4c 24 08 48 83 ec 28 48 8b 44 24 30 48
0x00007ff9a9eb70c9:   8b 00 48 8b 54 24 40 48 8b 4c 24 30 ff 90 20 05
0x00007ff9a9eb70d9:   00 00 48 83 c4 28 c3 cc cc cc cc cc cc cc cc cc
0x00007ff9a9eb70e9:   cc cc cc cc cc cc cc 4c 89 4c 24 20 4c 89 44 24
0x00007ff9a9eb70f9:   18 48 89 54 24 10 48 89 4c 24 08 48 83 ec 48 48
0x00007ff9a9eb7109:   8b 44 24 50 48 8b 00 48 8b 54 24 60 48 8b 4c 24
0x00007ff9a9eb7119:   50 ff 90 f8 00 00 00 48 89 44 24 28 48 8b 44 24
0x00007ff9a9eb7129:   50 48 8b 00 45 33 c0 48 8b 54 24 68 48 8b 4c 24
0x00007ff9a9eb7139:   50 ff 90 48 05 00 00 48 89 44 24 20 48 8b 44 24
0x00007ff9a9eb7149:   50 48 8b 00 4c 8d 0d ac be 08 00 4c 8b 44 24 20
0x00007ff9a9eb7159:   48 8b 54 24 28 48 8b 4c 24 50 ff 90 08 01 00 00
0x00007ff9a9eb7169:   48 89 44 24 30 48 8b 44 24 50 48 8b 00 4c 8b 44
0x00007ff9a9eb7179:   24 20 48 8b 54 24 68 48 8b 4c 24 50 ff 90 50 05
0x00007ff9a9eb7189:   00 00 48 8b 44 24 50 48 8b 00 4c 8b 44 24 30 48 


Stack slot to memory mapping:
stack at sp + 0 slots: 0x00000262f04cf777 is at code_begin+1047 in an Interpreter codelet
method entry point (kind = native)  [0x00000262f04cf360, 0x00000262f04cfe00]  2720 bytes
stack at sp + 1 slots: 0x00000262e7d48348 points into unknown readable memory: 0x00007ff92afaaeb0 | b0 ae fa 2a f9 7f 00 00
stack at sp + 2 slots: 0x000000f9d40ff760 is pointing into the stack for thread: 0x00000262e7d48000
stack at sp + 3 slots: 0x0000026200000040 is an unknown value
stack at sp + 4 slots: 0x000000f900000000 is an unknown value
stack at sp + 5 slots: 0x000000f9d40ffc20 is pointing into the stack for thread: 0x00000262e7d48000
stack at sp + 6 slots: 0x00000000000000b7 is an unknown value
stack at sp + 7 slots: 0x00000262f04cf416 is at code_begin+182 in an Interpreter codelet
method entry point (kind = native)  [0x00000262f04cf360, 0x00000262f04cfe00]  2720 bytes


---------------  P R O C E S S  ---------------

Threads class SMR info:
_java_thread_list=0x00000262968c3530, length=12, elements={
0x00000262e7d48000, 0x00000262966c4000, 0x00000262966f1800, 0x0000026296743800,
0x0000026296744800, 0x0000026296749000, 0x000002629674a000, 0x000002629674f000,
0x0000026296759800, 0x00000262968d8800, 0x00000262968da000, 0x0000026296949000
}

Java Threads: ( => current thread )
=>0x00000262e7d48000 JavaThread "main" [_thread_in_native, id=15136, stack(0x000000f9d4000000,0x000000f9d4100000)]
  0x00000262966c4000 JavaThread "Reference Handler" daemon [_thread_blocked, id=37524, stack(0x000000f9d4700000,0x000000f9d4800000)]
  0x00000262966f1800 JavaThread "Finalizer" daemon [_thread_blocked, id=36400, stack(0x000000f9d4800000,0x000000f9d4900000)]
  0x0000026296743800 JavaThread "Signal Dispatcher" daemon [_thread_blocked, id=40724, stack(0x000000f9d4900000,0x000000f9d4a00000)]
  0x0000026296744800 JavaThread "Attach Listener" daemon [_thread_blocked, id=17592, stack(0x000000f9d4a00000,0x000000f9d4b00000)]
  0x0000026296749000 JavaThread "Service Thread" daemon [_thread_blocked, id=17392, stack(0x000000f9d4b00000,0x000000f9d4c00000)]
  0x000002629674a000 JavaThread "C2 CompilerThread0" daemon [_thread_blocked, id=18728, stack(0x000000f9d4c00000,0x000000f9d4d00000)]
  0x000002629674f000 JavaThread "C1 CompilerThread0" daemon [_thread_blocked, id=31212, stack(0x000000f9d4d00000,0x000000f9d4e00000)]
  0x0000026296759800 JavaThread "Sweeper thread" daemon [_thread_blocked, id=29244, stack(0x000000f9d4e00000,0x000000f9d4f00000)]
  0x00000262968d8800 JavaThread "C1 CompilerThread1" daemon [_thread_blocked, id=30780, stack(0x000000f9d4f00000,0x000000f9d5000000)]
  0x00000262968da000 JavaThread "C1 CompilerThread2" daemon [_thread_blocked, id=31072, stack(0x000000f9d5000000,0x000000f9d5100000)]
  0x0000026296949000 JavaThread "Common-Cleaner" daemon [_thread_blocked, id=46000, stack(0x000000f9d5200000,0x000000f9d5300000)]

Other Threads:
  0x00000262966c1000 VMThread "VM Thread" [stack: 0x000000f9d4600000,0x000000f9d4700000] [id=6152]
  0x000002629691e800 WatcherThread [stack: 0x000000f9d5100000,0x000000f9d5200000] [id=42020]
  0x00000262e7d63000 GCTaskThread "GC Thread#0" [stack: 0x000000f9d4100000,0x000000f9d4200000] [id=39460]
  0x00000262e7de4800 ConcurrentGCThread "G1 Main Marker" [stack: 0x000000f9d4200000,0x000000f9d4300000] [id=35900]
  0x00000262e7de6800 ConcurrentGCThread "G1 Conc#0" [stack: 0x000000f9d4300000,0x000000f9d4400000] [id=37740]
  0x0000026295d2a800 ConcurrentGCThread "G1 Refine#0" [stack: 0x000000f9d4400000,0x000000f9d4500000] [id=32484]
  0x0000026295d2e800 ConcurrentGCThread "G1 Young RemSet Sampling" [stack: 0x000000f9d4500000,0x000000f9d4600000] [id=39828]

Threads with active compile tasks:

VM state:not at safepoint (normal execution)

VM Mutex/Monitor currently owned by a thread: None

Heap address: 0x0000000602000000, size: 8160 MB, Compressed Oops mode: Zero based, Oop shift amount: 3
Narrow klass base: 0x0000000800000000, Narrow klass shift: 0
Compressed class space size: 1073741824 Address: 0x0000000800000000

Heap:
 garbage-first heap   total 522240K, used 0K [0x0000000602000000, 0x0000000800000000)
  region size 2048K, 1 young (2048K), 0 survivors (0K)
 Metaspace       used 3606K, capacity 4486K, committed 4864K, reserved 1056768K
  class space    used 314K, capacity 386K, committed 512K, reserved 1048576K
Heap Regions: E=young(eden), S=young(survivor), O=old, HS=humongous(starts), HC=humongous(continues), CS=collection set, F=free, A=archive, TAMS=top-at-mark-start (previous, next)
|   0|0x0000000602000000, 0x0000000602000000, 0x0000000602200000|  0%| F|  |TAMS 0x0000000602000000, 0x0000000602000000| Untracked 
|   1|0x0000000602200000, 0x0000000602200000, 0x0000000602400000|  0%| F|  |TAMS 0x0000000602200000, 0x0000000602200000| Untracked 
|   2|0x0000000602400000, 0x0000000602400000, 0x0000000602600000|  0%| F|  |TAMS 0x0000000602400000, 0x0000000602400000| Untracked 
|   3|0x0000000602600000, 0x0000000602600000, 0x0000000602800000|  0%| F|  |TAMS 0x0000000602600000, 0x0000000602600000| Untracked 
|   4|0x0000000602800000, 0x0000000602800000, 0x0000000602a00000|  0%| F|  |TAMS 0x0000000602800000, 0x0000000602800000| Untracked 
|   5|0x0000000602a00000, 0x0000000602a00000, 0x0000000602c00000|  0%| F|  |TAMS 0x0000000602a00000, 0x0000000602a00000| Untracked 
|   6|0x0000000602c00000, 0x0000000602c00000, 0x0000000602e00000|  0%| F|  |TAMS 0x0000000602c00000, 0x0000000602c00000| Untracked 
|   7|0x0000000602e00000, 0x0000000602e00000, 0x0000000603000000|  0%| F|  |TAMS 0x0000000602e00000, 0x0000000602e00000| Untracked 
|   8|0x0000000603000000, 0x0000000603000000, 0x0000000603200000|  0%| F|  |TAMS 0x0000000603000000, 0x0000000603000000| Untracked 
|   9|0x0000000603200000, 0x0000000603200000, 0x0000000603400000|  0%| F|  |TAMS 0x0000000603200000, 0x0000000603200000| Untracked 
|  10|0x0000000603400000, 0x0000000603400000, 0x0000000603600000|  0%| F|  |TAMS 0x0000000603400000, 0x0000000603400000| Untracked 
|  11|0x0000000603600000, 0x0000000603600000, 0x0000000603800000|  0%| F|  |TAMS 0x0000000603600000, 0x0000000603600000| Untracked 
|  12|0x0000000603800000, 0x0000000603800000, 0x0000000603a00000|  0%| F|  |TAMS 0x0000000603800000, 0x0000000603800000| Untracked 
|  13|0x0000000603a00000, 0x0000000603a00000, 0x0000000603c00000|  0%| F|  |TAMS 0x0000000603a00000, 0x0000000603a00000| Untracked 
|  14|0x0000000603c00000, 0x0000000603c00000, 0x0000000603e00000|  0%| F|  |TAMS 0x0000000603c00000, 0x0000000603c00000| Untracked 
|  15|0x0000000603e00000, 0x0000000603e00000, 0x0000000604000000|  0%| F|  |TAMS 0x0000000603e00000, 0x0000000603e00000| Untracked 
|  16|0x0000000604000000, 0x0000000604000000, 0x0000000604200000|  0%| F|  |TAMS 0x0000000604000000, 0x0000000604000000| Untracked 
|  17|0x0000000604200000, 0x0000000604200000, 0x0000000604400000|  0%| F|  |TAMS 0x0000000604200000, 0x0000000604200000| Untracked 
|  18|0x0000000604400000, 0x0000000604400000, 0x0000000604600000|  0%| F|  |TAMS 0x0000000604400000, 0x0000000604400000| Untracked 
|  19|0x0000000604600000, 0x0000000604600000, 0x0000000604800000|  0%| F|  |TAMS 0x0000000604600000, 0x0000000604600000| Untracked 
|  20|0x0000000604800000, 0x0000000604800000, 0x0000000604a00000|  0%| F|  |TAMS 0x0000000604800000, 0x0000000604800000| Untracked 
|  21|0x0000000604a00000, 0x0000000604a00000, 0x0000000604c00000|  0%| F|  |TAMS 0x0000000604a00000, 0x0000000604a00000| Untracked 
|  22|0x0000000604c00000, 0x0000000604c00000, 0x0000000604e00000|  0%| F|  |TAMS 0x0000000604c00000, 0x0000000604c00000| Untracked 
|  23|0x0000000604e00000, 0x0000000604e00000, 0x0000000605000000|  0%| F|  |TAMS 0x0000000604e00000, 0x0000000604e00000| Untracked 
|  24|0x0000000605000000, 0x0000000605000000, 0x0000000605200000|  0%| F|  |TAMS 0x0000000605000000, 0x0000000605000000| Untracked 
|  25|0x0000000605200000, 0x0000000605200000, 0x0000000605400000|  0%| F|  |TAMS 0x0000000605200000, 0x0000000605200000| Untracked 
|  26|0x0000000605400000, 0x0000000605400000, 0x0000000605600000|  0%| F|  |TAMS 0x0000000605400000, 0x0000000605400000| Untracked 
|  27|0x0000000605600000, 0x0000000605600000, 0x0000000605800000|  0%| F|  |TAMS 0x0000000605600000, 0x0000000605600000| Untracked 
|  28|0x0000000605800000, 0x0000000605800000, 0x0000000605a00000|  0%| F|  |TAMS 0x0000000605800000, 0x0000000605800000| Untracked 
|  29|0x0000000605a00000, 0x0000000605a00000, 0x0000000605c00000|  0%| F|  |TAMS 0x0000000605a00000, 0x0000000605a00000| Untracked 
|  30|0x0000000605c00000, 0x0000000605c00000, 0x0000000605e00000|  0%| F|  |TAMS 0x0000000605c00000, 0x0000000605c00000| Untracked 
|  31|0x0000000605e00000, 0x0000000605e00000, 0x0000000606000000|  0%| F|  |TAMS 0x0000000605e00000, 0x0000000605e00000| Untracked 
|  32|0x0000000606000000, 0x0000000606000000, 0x0000000606200000|  0%| F|  |TAMS 0x0000000606000000, 0x0000000606000000| Untracked 
|  33|0x0000000606200000, 0x0000000606200000, 0x0000000606400000|  0%| F|  |TAMS 0x0000000606200000, 0x0000000606200000| Untracked 
|  34|0x0000000606400000, 0x0000000606400000, 0x0000000606600000|  0%| F|  |TAMS 0x0000000606400000, 0x0000000606400000| Untracked 
|  35|0x0000000606600000, 0x0000000606600000, 0x0000000606800000|  0%| F|  |TAMS 0x0000000606600000, 0x0000000606600000| Untracked 
|  36|0x0000000606800000, 0x0000000606800000, 0x0000000606a00000|  0%| F|  |TAMS 0x0000000606800000, 0x0000000606800000| Untracked 
|  37|0x0000000606a00000, 0x0000000606a00000, 0x0000000606c00000|  0%| F|  |TAMS 0x0000000606a00000, 0x0000000606a00000| Untracked 
|  38|0x0000000606c00000, 0x0000000606c00000, 0x0000000606e00000|  0%| F|  |TAMS 0x0000000606c00000, 0x0000000606c00000| Untracked 
|  39|0x0000000606e00000, 0x0000000606e00000, 0x0000000607000000|  0%| F|  |TAMS 0x0000000606e00000, 0x0000000606e00000| Untracked 
|  40|0x0000000607000000, 0x0000000607000000, 0x0000000607200000|  0%| F|  |TAMS 0x0000000607000000, 0x0000000607000000| Untracked 
|  41|0x0000000607200000, 0x0000000607200000, 0x0000000607400000|  0%| F|  |TAMS 0x0000000607200000, 0x0000000607200000| Untracked 
|  42|0x0000000607400000, 0x0000000607400000, 0x0000000607600000|  0%| F|  |TAMS 0x0000000607400000, 0x0000000607400000| Untracked 
|  43|0x0000000607600000, 0x0000000607600000, 0x0000000607800000|  0%| F|  |TAMS 0x0000000607600000, 0x0000000607600000| Untracked 
|  44|0x0000000607800000, 0x0000000607800000, 0x0000000607a00000|  0%| F|  |TAMS 0x0000000607800000, 0x0000000607800000| Untracked 
|  45|0x0000000607a00000, 0x0000000607a00000, 0x0000000607c00000|  0%| F|  |TAMS 0x0000000607a00000, 0x0000000607a00000| Untracked 
|  46|0x0000000607c00000, 0x0000000607c00000, 0x0000000607e00000|  0%| F|  |TAMS 0x0000000607c00000, 0x0000000607c00000| Untracked 
|  47|0x0000000607e00000, 0x0000000607e00000, 0x0000000608000000|  0%| F|  |TAMS 0x0000000607e00000, 0x0000000607e00000| Untracked 
|  48|0x0000000608000000, 0x0000000608000000, 0x0000000608200000|  0%| F|  |TAMS 0x0000000608000000, 0x0000000608000000| Untracked 
|  49|0x0000000608200000, 0x0000000608200000, 0x0000000608400000|  0%| F|  |TAMS 0x0000000608200000, 0x0000000608200000| Untracked 
|  50|0x0000000608400000, 0x0000000608400000, 0x0000000608600000|  0%| F|  |TAMS 0x0000000608400000, 0x0000000608400000| Untracked 
|  51|0x0000000608600000, 0x0000000608600000, 0x0000000608800000|  0%| F|  |TAMS 0x0000000608600000, 0x0000000608600000| Untracked 
|  52|0x0000000608800000, 0x0000000608800000, 0x0000000608a00000|  0%| F|  |TAMS 0x0000000608800000, 0x0000000608800000| Untracked 
|  53|0x0000000608a00000, 0x0000000608a00000, 0x0000000608c00000|  0%| F|  |TAMS 0x0000000608a00000, 0x0000000608a00000| Untracked 
|  54|0x0000000608c00000, 0x0000000608c00000, 0x0000000608e00000|  0%| F|  |TAMS 0x0000000608c00000, 0x0000000608c00000| Untracked 
|  55|0x0000000608e00000, 0x0000000608e00000, 0x0000000609000000|  0%| F|  |TAMS 0x0000000608e00000, 0x0000000608e00000| Untracked 
|  56|0x0000000609000000, 0x0000000609000000, 0x0000000609200000|  0%| F|  |TAMS 0x0000000609000000, 0x0000000609000000| Untracked 
|  57|0x0000000609200000, 0x0000000609200000, 0x0000000609400000|  0%| F|  |TAMS 0x0000000609200000, 0x0000000609200000| Untracked 
|  58|0x0000000609400000, 0x0000000609400000, 0x0000000609600000|  0%| F|  |TAMS 0x0000000609400000, 0x0000000609400000| Untracked 
|  59|0x0000000609600000, 0x0000000609600000, 0x0000000609800000|  0%| F|  |TAMS 0x0000000609600000, 0x0000000609600000| Untracked 
|  60|0x0000000609800000, 0x0000000609800000, 0x0000000609a00000|  0%| F|  |TAMS 0x0000000609800000, 0x0000000609800000| Untracked 
|  61|0x0000000609a00000, 0x0000000609a00000, 0x0000000609c00000|  0%| F|  |TAMS 0x0000000609a00000, 0x0000000609a00000| Untracked 
|  62|0x0000000609c00000, 0x0000000609c00000, 0x0000000609e00000|  0%| F|  |TAMS 0x0000000609c00000, 0x0000000609c00000| Untracked 
|  63|0x0000000609e00000, 0x0000000609e00000, 0x000000060a000000|  0%| F|  |TAMS 0x0000000609e00000, 0x0000000609e00000| Untracked 
|  64|0x000000060a000000, 0x000000060a000000, 0x000000060a200000|  0%| F|  |TAMS 0x000000060a000000, 0x000000060a000000| Untracked 
|  65|0x000000060a200000, 0x000000060a200000, 0x000000060a400000|  0%| F|  |TAMS 0x000000060a200000, 0x000000060a200000| Untracked 
|  66|0x000000060a400000, 0x000000060a400000, 0x000000060a600000|  0%| F|  |TAMS 0x000000060a400000, 0x000000060a400000| Untracked 
|  67|0x000000060a600000, 0x000000060a600000, 0x000000060a800000|  0%| F|  |TAMS 0x000000060a600000, 0x000000060a600000| Untracked 
|  68|0x000000060a800000, 0x000000060a800000, 0x000000060aa00000|  0%| F|  |TAMS 0x000000060a800000, 0x000000060a800000| Untracked 
|  69|0x000000060aa00000, 0x000000060aa00000, 0x000000060ac00000|  0%| F|  |TAMS 0x000000060aa00000, 0x000000060aa00000| Untracked 
|  70|0x000000060ac00000, 0x000000060ac00000, 0x000000060ae00000|  0%| F|  |TAMS 0x000000060ac00000, 0x000000060ac00000| Untracked 
|  71|0x000000060ae00000, 0x000000060ae00000, 0x000000060b000000|  0%| F|  |TAMS 0x000000060ae00000, 0x000000060ae00000| Untracked 
|  72|0x000000060b000000, 0x000000060b000000, 0x000000060b200000|  0%| F|  |TAMS 0x000000060b000000, 0x000000060b000000| Untracked 
|  73|0x000000060b200000, 0x000000060b200000, 0x000000060b400000|  0%| F|  |TAMS 0x000000060b200000, 0x000000060b200000| Untracked 
|  74|0x000000060b400000, 0x000000060b400000, 0x000000060b600000|  0%| F|  |TAMS 0x000000060b400000, 0x000000060b400000| Untracked 
|  75|0x000000060b600000, 0x000000060b600000, 0x000000060b800000|  0%| F|  |TAMS 0x000000060b600000, 0x000000060b600000| Untracked 
|  76|0x000000060b800000, 0x000000060b800000, 0x000000060ba00000|  0%| F|  |TAMS 0x000000060b800000, 0x000000060b800000| Untracked 
|  77|0x000000060ba00000, 0x000000060ba00000, 0x000000060bc00000|  0%| F|  |TAMS 0x000000060ba00000, 0x000000060ba00000| Untracked 
|  78|0x000000060bc00000, 0x000000060bc00000, 0x000000060be00000|  0%| F|  |TAMS 0x000000060bc00000, 0x000000060bc00000| Untracked 
|  79|0x000000060be00000, 0x000000060be00000, 0x000000060c000000|  0%| F|  |TAMS 0x000000060be00000, 0x000000060be00000| Untracked 
|  80|0x000000060c000000, 0x000000060c000000, 0x000000060c200000|  0%| F|  |TAMS 0x000000060c000000, 0x000000060c000000| Untracked 
|  81|0x000000060c200000, 0x000000060c200000, 0x000000060c400000|  0%| F|  |TAMS 0x000000060c200000, 0x000000060c200000| Untracked 
|  82|0x000000060c400000, 0x000000060c400000, 0x000000060c600000|  0%| F|  |TAMS 0x000000060c400000, 0x000000060c400000| Untracked 
|  83|0x000000060c600000, 0x000000060c600000, 0x000000060c800000|  0%| F|  |TAMS 0x000000060c600000, 0x000000060c600000| Untracked 
|  84|0x000000060c800000, 0x000000060c800000, 0x000000060ca00000|  0%| F|  |TAMS 0x000000060c800000, 0x000000060c800000| Untracked 
|  85|0x000000060ca00000, 0x000000060ca00000, 0x000000060cc00000|  0%| F|  |TAMS 0x000000060ca00000, 0x000000060ca00000| Untracked 
|  86|0x000000060cc00000, 0x000000060cc00000, 0x000000060ce00000|  0%| F|  |TAMS 0x000000060cc00000, 0x000000060cc00000| Untracked 
|  87|0x000000060ce00000, 0x000000060ce00000, 0x000000060d000000|  0%| F|  |TAMS 0x000000060ce00000, 0x000000060ce00000| Untracked 
|  88|0x000000060d000000, 0x000000060d000000, 0x000000060d200000|  0%| F|  |TAMS 0x000000060d000000, 0x000000060d000000| Untracked 
|  89|0x000000060d200000, 0x000000060d200000, 0x000000060d400000|  0%| F|  |TAMS 0x000000060d200000, 0x000000060d200000| Untracked 
|  90|0x000000060d400000, 0x000000060d400000, 0x000000060d600000|  0%| F|  |TAMS 0x000000060d400000, 0x000000060d400000| Untracked 
|  91|0x000000060d600000, 0x000000060d600000, 0x000000060d800000|  0%| F|  |TAMS 0x000000060d600000, 0x000000060d600000| Untracked 
|  92|0x000000060d800000, 0x000000060d800000, 0x000000060da00000|  0%| F|  |TAMS 0x000000060d800000, 0x000000060d800000| Untracked 
|  93|0x000000060da00000, 0x000000060da00000, 0x000000060dc00000|  0%| F|  |TAMS 0x000000060da00000, 0x000000060da00000| Untracked 
|  94|0x000000060dc00000, 0x000000060dc00000, 0x000000060de00000|  0%| F|  |TAMS 0x000000060dc00000, 0x000000060dc00000| Untracked 
|  95|0x000000060de00000, 0x000000060de00000, 0x000000060e000000|  0%| F|  |TAMS 0x000000060de00000, 0x000000060de00000| Untracked 
|  96|0x000000060e000000, 0x000000060e000000, 0x000000060e200000|  0%| F|  |TAMS 0x000000060e000000, 0x000000060e000000| Untracked 
|  97|0x000000060e200000, 0x000000060e200000, 0x000000060e400000|  0%| F|  |TAMS 0x000000060e200000, 0x000000060e200000| Untracked 
|  98|0x000000060e400000, 0x000000060e400000, 0x000000060e600000|  0%| F|  |TAMS 0x000000060e400000, 0x000000060e400000| Untracked 
|  99|0x000000060e600000, 0x000000060e600000, 0x000000060e800000|  0%| F|  |TAMS 0x000000060e600000, 0x000000060e600000| Untracked 
| 100|0x000000060e800000, 0x000000060e800000, 0x000000060ea00000|  0%| F|  |TAMS 0x000000060e800000, 0x000000060e800000| Untracked 
| 101|0x000000060ea00000, 0x000000060ea00000, 0x000000060ec00000|  0%| F|  |TAMS 0x000000060ea00000, 0x000000060ea00000| Untracked 
| 102|0x000000060ec00000, 0x000000060ec00000, 0x000000060ee00000|  0%| F|  |TAMS 0x000000060ec00000, 0x000000060ec00000| Untracked 
| 103|0x000000060ee00000, 0x000000060ee00000, 0x000000060f000000|  0%| F|  |TAMS 0x000000060ee00000, 0x000000060ee00000| Untracked 
| 104|0x000000060f000000, 0x000000060f000000, 0x000000060f200000|  0%| F|  |TAMS 0x000000060f000000, 0x000000060f000000| Untracked 
| 105|0x000000060f200000, 0x000000060f200000, 0x000000060f400000|  0%| F|  |TAMS 0x000000060f200000, 0x000000060f200000| Untracked 
| 106|0x000000060f400000, 0x000000060f400000, 0x000000060f600000|  0%| F|  |TAMS 0x000000060f400000, 0x000000060f400000| Untracked 
| 107|0x000000060f600000, 0x000000060f600000, 0x000000060f800000|  0%| F|  |TAMS 0x000000060f600000, 0x000000060f600000| Untracked 
| 108|0x000000060f800000, 0x000000060f800000, 0x000000060fa00000|  0%| F|  |TAMS 0x000000060f800000, 0x000000060f800000| Untracked 
| 109|0x000000060fa00000, 0x000000060fa00000, 0x000000060fc00000|  0%| F|  |TAMS 0x000000060fa00000, 0x000000060fa00000| Untracked 
| 110|0x000000060fc00000, 0x000000060fc00000, 0x000000060fe00000|  0%| F|  |TAMS 0x000000060fc00000, 0x000000060fc00000| Untracked 
| 111|0x000000060fe00000, 0x000000060fe00000, 0x0000000610000000|  0%| F|  |TAMS 0x000000060fe00000, 0x000000060fe00000| Untracked 
| 112|0x0000000610000000, 0x0000000610000000, 0x0000000610200000|  0%| F|  |TAMS 0x0000000610000000, 0x0000000610000000| Untracked 
| 113|0x0000000610200000, 0x0000000610200000, 0x0000000610400000|  0%| F|  |TAMS 0x0000000610200000, 0x0000000610200000| Untracked 
| 114|0x0000000610400000, 0x0000000610400000, 0x0000000610600000|  0%| F|  |TAMS 0x0000000610400000, 0x0000000610400000| Untracked 
| 115|0x0000000610600000, 0x0000000610600000, 0x0000000610800000|  0%| F|  |TAMS 0x0000000610600000, 0x0000000610600000| Untracked 
| 116|0x0000000610800000, 0x0000000610800000, 0x0000000610a00000|  0%| F|  |TAMS 0x0000000610800000, 0x0000000610800000| Untracked 
| 117|0x0000000610a00000, 0x0000000610a00000, 0x0000000610c00000|  0%| F|  |TAMS 0x0000000610a00000, 0x0000000610a00000| Untracked 
| 118|0x0000000610c00000, 0x0000000610c00000, 0x0000000610e00000|  0%| F|  |TAMS 0x0000000610c00000, 0x0000000610c00000| Untracked 
| 119|0x0000000610e00000, 0x0000000610e00000, 0x0000000611000000|  0%| F|  |TAMS 0x0000000610e00000, 0x0000000610e00000| Untracked 
| 120|0x0000000611000000, 0x0000000611000000, 0x0000000611200000|  0%| F|  |TAMS 0x0000000611000000, 0x0000000611000000| Untracked 
| 121|0x0000000611200000, 0x0000000611200000, 0x0000000611400000|  0%| F|  |TAMS 0x0000000611200000, 0x0000000611200000| Untracked 
| 122|0x0000000611400000, 0x0000000611400000, 0x0000000611600000|  0%| F|  |TAMS 0x0000000611400000, 0x0000000611400000| Untracked 
| 123|0x0000000611600000, 0x0000000611600000, 0x0000000611800000|  0%| F|  |TAMS 0x0000000611600000, 0x0000000611600000| Untracked 
| 124|0x0000000611800000, 0x0000000611800000, 0x0000000611a00000|  0%| F|  |TAMS 0x0000000611800000, 0x0000000611800000| Untracked 
| 125|0x0000000611a00000, 0x0000000611a00000, 0x0000000611c00000|  0%| F|  |TAMS 0x0000000611a00000, 0x0000000611a00000| Untracked 
| 126|0x0000000611c00000, 0x0000000611c00000, 0x0000000611e00000|  0%| F|  |TAMS 0x0000000611c00000, 0x0000000611c00000| Untracked 
| 127|0x0000000611e00000, 0x0000000611e00000, 0x0000000612000000|  0%| F|  |TAMS 0x0000000611e00000, 0x0000000611e00000| Untracked 
| 128|0x0000000612000000, 0x0000000612000000, 0x0000000612200000|  0%| F|  |TAMS 0x0000000612000000, 0x0000000612000000| Untracked 
| 129|0x0000000612200000, 0x0000000612200000, 0x0000000612400000|  0%| F|  |TAMS 0x0000000612200000, 0x0000000612200000| Untracked 
| 130|0x0000000612400000, 0x0000000612400000, 0x0000000612600000|  0%| F|  |TAMS 0x0000000612400000, 0x0000000612400000| Untracked 
| 131|0x0000000612600000, 0x0000000612600000, 0x0000000612800000|  0%| F|  |TAMS 0x0000000612600000, 0x0000000612600000| Untracked 
| 132|0x0000000612800000, 0x0000000612800000, 0x0000000612a00000|  0%| F|  |TAMS 0x0000000612800000, 0x0000000612800000| Untracked 
| 133|0x0000000612a00000, 0x0000000612a00000, 0x0000000612c00000|  0%| F|  |TAMS 0x0000000612a00000, 0x0000000612a00000| Untracked 
| 134|0x0000000612c00000, 0x0000000612c00000, 0x0000000612e00000|  0%| F|  |TAMS 0x0000000612c00000, 0x0000000612c00000| Untracked 
| 135|0x0000000612e00000, 0x0000000612e00000, 0x0000000613000000|  0%| F|  |TAMS 0x0000000612e00000, 0x0000000612e00000| Untracked 
| 136|0x0000000613000000, 0x0000000613000000, 0x0000000613200000|  0%| F|  |TAMS 0x0000000613000000, 0x0000000613000000| Untracked 
| 137|0x0000000613200000, 0x0000000613200000, 0x0000000613400000|  0%| F|  |TAMS 0x0000000613200000, 0x0000000613200000| Untracked 
| 138|0x0000000613400000, 0x0000000613400000, 0x0000000613600000|  0%| F|  |TAMS 0x0000000613400000, 0x0000000613400000| Untracked 
| 139|0x0000000613600000, 0x0000000613600000, 0x0000000613800000|  0%| F|  |TAMS 0x0000000613600000, 0x0000000613600000| Untracked 
| 140|0x0000000613800000, 0x0000000613800000, 0x0000000613a00000|  0%| F|  |TAMS 0x0000000613800000, 0x0000000613800000| Untracked 
| 141|0x0000000613a00000, 0x0000000613a00000, 0x0000000613c00000|  0%| F|  |TAMS 0x0000000613a00000, 0x0000000613a00000| Untracked 
| 142|0x0000000613c00000, 0x0000000613c00000, 0x0000000613e00000|  0%| F|  |TAMS 0x0000000613c00000, 0x0000000613c00000| Untracked 
| 143|0x0000000613e00000, 0x0000000613e00000, 0x0000000614000000|  0%| F|  |TAMS 0x0000000613e00000, 0x0000000613e00000| Untracked 
| 144|0x0000000614000000, 0x0000000614000000, 0x0000000614200000|  0%| F|  |TAMS 0x0000000614000000, 0x0000000614000000| Untracked 
| 145|0x0000000614200000, 0x0000000614200000, 0x0000000614400000|  0%| F|  |TAMS 0x0000000614200000, 0x0000000614200000| Untracked 
| 146|0x0000000614400000, 0x0000000614400000, 0x0000000614600000|  0%| F|  |TAMS 0x0000000614400000, 0x0000000614400000| Untracked 
| 147|0x0000000614600000, 0x0000000614600000, 0x0000000614800000|  0%| F|  |TAMS 0x0000000614600000, 0x0000000614600000| Untracked 
| 148|0x0000000614800000, 0x0000000614800000, 0x0000000614a00000|  0%| F|  |TAMS 0x0000000614800000, 0x0000000614800000| Untracked 
| 149|0x0000000614a00000, 0x0000000614a00000, 0x0000000614c00000|  0%| F|  |TAMS 0x0000000614a00000, 0x0000000614a00000| Untracked 
| 150|0x0000000614c00000, 0x0000000614c00000, 0x0000000614e00000|  0%| F|  |TAMS 0x0000000614c00000, 0x0000000614c00000| Untracked 
| 151|0x0000000614e00000, 0x0000000614e00000, 0x0000000615000000|  0%| F|  |TAMS 0x0000000614e00000, 0x0000000614e00000| Untracked 
| 152|0x0000000615000000, 0x0000000615000000, 0x0000000615200000|  0%| F|  |TAMS 0x0000000615000000, 0x0000000615000000| Untracked 
| 153|0x0000000615200000, 0x0000000615200000, 0x0000000615400000|  0%| F|  |TAMS 0x0000000615200000, 0x0000000615200000| Untracked 
| 154|0x0000000615400000, 0x0000000615400000, 0x0000000615600000|  0%| F|  |TAMS 0x0000000615400000, 0x0000000615400000| Untracked 
| 155|0x0000000615600000, 0x0000000615600000, 0x0000000615800000|  0%| F|  |TAMS 0x0000000615600000, 0x0000000615600000| Untracked 
| 156|0x0000000615800000, 0x0000000615800000, 0x0000000615a00000|  0%| F|  |TAMS 0x0000000615800000, 0x0000000615800000| Untracked 
| 157|0x0000000615a00000, 0x0000000615a00000, 0x0000000615c00000|  0%| F|  |TAMS 0x0000000615a00000, 0x0000000615a00000| Untracked 
| 158|0x0000000615c00000, 0x0000000615c00000, 0x0000000615e00000|  0%| F|  |TAMS 0x0000000615c00000, 0x0000000615c00000| Untracked 
| 159|0x0000000615e00000, 0x0000000615e00000, 0x0000000616000000|  0%| F|  |TAMS 0x0000000615e00000, 0x0000000615e00000| Untracked 
| 160|0x0000000616000000, 0x0000000616000000, 0x0000000616200000|  0%| F|  |TAMS 0x0000000616000000, 0x0000000616000000| Untracked 
| 161|0x0000000616200000, 0x0000000616200000, 0x0000000616400000|  0%| F|  |TAMS 0x0000000616200000, 0x0000000616200000| Untracked 
| 162|0x0000000616400000, 0x0000000616400000, 0x0000000616600000|  0%| F|  |TAMS 0x0000000616400000, 0x0000000616400000| Untracked 
| 163|0x0000000616600000, 0x0000000616600000, 0x0000000616800000|  0%| F|  |TAMS 0x0000000616600000, 0x0000000616600000| Untracked 
| 164|0x0000000616800000, 0x0000000616800000, 0x0000000616a00000|  0%| F|  |TAMS 0x0000000616800000, 0x0000000616800000| Untracked 
| 165|0x0000000616a00000, 0x0000000616a00000, 0x0000000616c00000|  0%| F|  |TAMS 0x0000000616a00000, 0x0000000616a00000| Untracked 
| 166|0x0000000616c00000, 0x0000000616c00000, 0x0000000616e00000|  0%| F|  |TAMS 0x0000000616c00000, 0x0000000616c00000| Untracked 
| 167|0x0000000616e00000, 0x0000000616e00000, 0x0000000617000000|  0%| F|  |TAMS 0x0000000616e00000, 0x0000000616e00000| Untracked 
| 168|0x0000000617000000, 0x0000000617000000, 0x0000000617200000|  0%| F|  |TAMS 0x0000000617000000, 0x0000000617000000| Untracked 
| 169|0x0000000617200000, 0x0000000617200000, 0x0000000617400000|  0%| F|  |TAMS 0x0000000617200000, 0x0000000617200000| Untracked 
| 170|0x0000000617400000, 0x0000000617400000, 0x0000000617600000|  0%| F|  |TAMS 0x0000000617400000, 0x0000000617400000| Untracked 
| 171|0x0000000617600000, 0x0000000617600000, 0x0000000617800000|  0%| F|  |TAMS 0x0000000617600000, 0x0000000617600000| Untracked 
| 172|0x0000000617800000, 0x0000000617800000, 0x0000000617a00000|  0%| F|  |TAMS 0x0000000617800000, 0x0000000617800000| Untracked 
| 173|0x0000000617a00000, 0x0000000617a00000, 0x0000000617c00000|  0%| F|  |TAMS 0x0000000617a00000, 0x0000000617a00000| Untracked 
| 174|0x0000000617c00000, 0x0000000617c00000, 0x0000000617e00000|  0%| F|  |TAMS 0x0000000617c00000, 0x0000000617c00000| Untracked 
| 175|0x0000000617e00000, 0x0000000617e00000, 0x0000000618000000|  0%| F|  |TAMS 0x0000000617e00000, 0x0000000617e00000| Untracked 
| 176|0x0000000618000000, 0x0000000618000000, 0x0000000618200000|  0%| F|  |TAMS 0x0000000618000000, 0x0000000618000000| Untracked 
| 177|0x0000000618200000, 0x0000000618200000, 0x0000000618400000|  0%| F|  |TAMS 0x0000000618200000, 0x0000000618200000| Untracked 
| 178|0x0000000618400000, 0x0000000618400000, 0x0000000618600000|  0%| F|  |TAMS 0x0000000618400000, 0x0000000618400000| Untracked 
| 179|0x0000000618600000, 0x0000000618600000, 0x0000000618800000|  0%| F|  |TAMS 0x0000000618600000, 0x0000000618600000| Untracked 
| 180|0x0000000618800000, 0x0000000618800000, 0x0000000618a00000|  0%| F|  |TAMS 0x0000000618800000, 0x0000000618800000| Untracked 
| 181|0x0000000618a00000, 0x0000000618a00000, 0x0000000618c00000|  0%| F|  |TAMS 0x0000000618a00000, 0x0000000618a00000| Untracked 
| 182|0x0000000618c00000, 0x0000000618c00000, 0x0000000618e00000|  0%| F|  |TAMS 0x0000000618c00000, 0x0000000618c00000| Untracked 
| 183|0x0000000618e00000, 0x0000000618e00000, 0x0000000619000000|  0%| F|  |TAMS 0x0000000618e00000, 0x0000000618e00000| Untracked 
| 184|0x0000000619000000, 0x0000000619000000, 0x0000000619200000|  0%| F|  |TAMS 0x0000000619000000, 0x0000000619000000| Untracked 
| 185|0x0000000619200000, 0x0000000619200000, 0x0000000619400000|  0%| F|  |TAMS 0x0000000619200000, 0x0000000619200000| Untracked 
| 186|0x0000000619400000, 0x0000000619400000, 0x0000000619600000|  0%| F|  |TAMS 0x0000000619400000, 0x0000000619400000| Untracked 
| 187|0x0000000619600000, 0x0000000619600000, 0x0000000619800000|  0%| F|  |TAMS 0x0000000619600000, 0x0000000619600000| Untracked 
| 188|0x0000000619800000, 0x0000000619800000, 0x0000000619a00000|  0%| F|  |TAMS 0x0000000619800000, 0x0000000619800000| Untracked 
| 189|0x0000000619a00000, 0x0000000619a00000, 0x0000000619c00000|  0%| F|  |TAMS 0x0000000619a00000, 0x0000000619a00000| Untracked 
| 190|0x0000000619c00000, 0x0000000619c00000, 0x0000000619e00000|  0%| F|  |TAMS 0x0000000619c00000, 0x0000000619c00000| Untracked 
| 191|0x0000000619e00000, 0x0000000619e00000, 0x000000061a000000|  0%| F|  |TAMS 0x0000000619e00000, 0x0000000619e00000| Untracked 
| 192|0x000000061a000000, 0x000000061a000000, 0x000000061a200000|  0%| F|  |TAMS 0x000000061a000000, 0x000000061a000000| Untracked 
| 193|0x000000061a200000, 0x000000061a200000, 0x000000061a400000|  0%| F|  |TAMS 0x000000061a200000, 0x000000061a200000| Untracked 
| 194|0x000000061a400000, 0x000000061a400000, 0x000000061a600000|  0%| F|  |TAMS 0x000000061a400000, 0x000000061a400000| Untracked 
| 195|0x000000061a600000, 0x000000061a600000, 0x000000061a800000|  0%| F|  |TAMS 0x000000061a600000, 0x000000061a600000| Untracked 
| 196|0x000000061a800000, 0x000000061a800000, 0x000000061aa00000|  0%| F|  |TAMS 0x000000061a800000, 0x000000061a800000| Untracked 
| 197|0x000000061aa00000, 0x000000061aa00000, 0x000000061ac00000|  0%| F|  |TAMS 0x000000061aa00000, 0x000000061aa00000| Untracked 
| 198|0x000000061ac00000, 0x000000061ac00000, 0x000000061ae00000|  0%| F|  |TAMS 0x000000061ac00000, 0x000000061ac00000| Untracked 
| 199|0x000000061ae00000, 0x000000061ae00000, 0x000000061b000000|  0%| F|  |TAMS 0x000000061ae00000, 0x000000061ae00000| Untracked 
| 200|0x000000061b000000, 0x000000061b000000, 0x000000061b200000|  0%| F|  |TAMS 0x000000061b000000, 0x000000061b000000| Untracked 
| 201|0x000000061b200000, 0x000000061b200000, 0x000000061b400000|  0%| F|  |TAMS 0x000000061b200000, 0x000000061b200000| Untracked 
| 202|0x000000061b400000, 0x000000061b400000, 0x000000061b600000|  0%| F|  |TAMS 0x000000061b400000, 0x000000061b400000| Untracked 
| 203|0x000000061b600000, 0x000000061b600000, 0x000000061b800000|  0%| F|  |TAMS 0x000000061b600000, 0x000000061b600000| Untracked 
| 204|0x000000061b800000, 0x000000061b800000, 0x000000061ba00000|  0%| F|  |TAMS 0x000000061b800000, 0x000000061b800000| Untracked 
| 205|0x000000061ba00000, 0x000000061ba00000, 0x000000061bc00000|  0%| F|  |TAMS 0x000000061ba00000, 0x000000061ba00000| Untracked 
| 206|0x000000061bc00000, 0x000000061bc00000, 0x000000061be00000|  0%| F|  |TAMS 0x000000061bc00000, 0x000000061bc00000| Untracked 
| 207|0x000000061be00000, 0x000000061be00000, 0x000000061c000000|  0%| F|  |TAMS 0x000000061be00000, 0x000000061be00000| Untracked 
| 208|0x000000061c000000, 0x000000061c000000, 0x000000061c200000|  0%| F|  |TAMS 0x000000061c000000, 0x000000061c000000| Untracked 
| 209|0x000000061c200000, 0x000000061c200000, 0x000000061c400000|  0%| F|  |TAMS 0x000000061c200000, 0x000000061c200000| Untracked 
| 210|0x000000061c400000, 0x000000061c400000, 0x000000061c600000|  0%| F|  |TAMS 0x000000061c400000, 0x000000061c400000| Untracked 
| 211|0x000000061c600000, 0x000000061c600000, 0x000000061c800000|  0%| F|  |TAMS 0x000000061c600000, 0x000000061c600000| Untracked 
| 212|0x000000061c800000, 0x000000061c800000, 0x000000061ca00000|  0%| F|  |TAMS 0x000000061c800000, 0x000000061c800000| Untracked 
| 213|0x000000061ca00000, 0x000000061ca00000, 0x000000061cc00000|  0%| F|  |TAMS 0x000000061ca00000, 0x000000061ca00000| Untracked 
| 214|0x000000061cc00000, 0x000000061cc00000, 0x000000061ce00000|  0%| F|  |TAMS 0x000000061cc00000, 0x000000061cc00000| Untracked 
| 215|0x000000061ce00000, 0x000000061ce00000, 0x000000061d000000|  0%| F|  |TAMS 0x000000061ce00000, 0x000000061ce00000| Untracked 
| 216|0x000000061d000000, 0x000000061d000000, 0x000000061d200000|  0%| F|  |TAMS 0x000000061d000000, 0x000000061d000000| Untracked 
| 217|0x000000061d200000, 0x000000061d200000, 0x000000061d400000|  0%| F|  |TAMS 0x000000061d200000, 0x000000061d200000| Untracked 
| 218|0x000000061d400000, 0x000000061d400000, 0x000000061d600000|  0%| F|  |TAMS 0x000000061d400000, 0x000000061d400000| Untracked 
| 219|0x000000061d600000, 0x000000061d600000, 0x000000061d800000|  0%| F|  |TAMS 0x000000061d600000, 0x000000061d600000| Untracked 
| 220|0x000000061d800000, 0x000000061d800000, 0x000000061da00000|  0%| F|  |TAMS 0x000000061d800000, 0x000000061d800000| Untracked 
| 221|0x000000061da00000, 0x000000061da00000, 0x000000061dc00000|  0%| F|  |TAMS 0x000000061da00000, 0x000000061da00000| Untracked 
| 222|0x000000061dc00000, 0x000000061dc00000, 0x000000061de00000|  0%| F|  |TAMS 0x000000061dc00000, 0x000000061dc00000| Untracked 
| 223|0x000000061de00000, 0x000000061de00000, 0x000000061e000000|  0%| F|  |TAMS 0x000000061de00000, 0x000000061de00000| Untracked 
| 224|0x000000061e000000, 0x000000061e000000, 0x000000061e200000|  0%| F|  |TAMS 0x000000061e000000, 0x000000061e000000| Untracked 
| 225|0x000000061e200000, 0x000000061e200000, 0x000000061e400000|  0%| F|  |TAMS 0x000000061e200000, 0x000000061e200000| Untracked 
| 226|0x000000061e400000, 0x000000061e400000, 0x000000061e600000|  0%| F|  |TAMS 0x000000061e400000, 0x000000061e400000| Untracked 
| 227|0x000000061e600000, 0x000000061e600000, 0x000000061e800000|  0%| F|  |TAMS 0x000000061e600000, 0x000000061e600000| Untracked 
| 228|0x000000061e800000, 0x000000061e800000, 0x000000061ea00000|  0%| F|  |TAMS 0x000000061e800000, 0x000000061e800000| Untracked 
| 229|0x000000061ea00000, 0x000000061ea00000, 0x000000061ec00000|  0%| F|  |TAMS 0x000000061ea00000, 0x000000061ea00000| Untracked 
| 230|0x000000061ec00000, 0x000000061ec00000, 0x000000061ee00000|  0%| F|  |TAMS 0x000000061ec00000, 0x000000061ec00000| Untracked 
| 231|0x000000061ee00000, 0x000000061ee00000, 0x000000061f000000|  0%| F|  |TAMS 0x000000061ee00000, 0x000000061ee00000| Untracked 
| 232|0x000000061f000000, 0x000000061f000000, 0x000000061f200000|  0%| F|  |TAMS 0x000000061f000000, 0x000000061f000000| Untracked 
| 233|0x000000061f200000, 0x000000061f200000, 0x000000061f400000|  0%| F|  |TAMS 0x000000061f200000, 0x000000061f200000| Untracked 
| 234|0x000000061f400000, 0x000000061f400000, 0x000000061f600000|  0%| F|  |TAMS 0x000000061f400000, 0x000000061f400000| Untracked 
| 235|0x000000061f600000, 0x000000061f600000, 0x000000061f800000|  0%| F|  |TAMS 0x000000061f600000, 0x000000061f600000| Untracked 
| 236|0x000000061f800000, 0x000000061f800000, 0x000000061fa00000|  0%| F|  |TAMS 0x000000061f800000, 0x000000061f800000| Untracked 
| 237|0x000000061fa00000, 0x000000061fa00000, 0x000000061fc00000|  0%| F|  |TAMS 0x000000061fa00000, 0x000000061fa00000| Untracked 
| 238|0x000000061fc00000, 0x000000061fc00000, 0x000000061fe00000|  0%| F|  |TAMS 0x000000061fc00000, 0x000000061fc00000| Untracked 
| 239|0x000000061fe00000, 0x000000061fe00000, 0x0000000620000000|  0%| F|  |TAMS 0x000000061fe00000, 0x000000061fe00000| Untracked 
| 240|0x0000000620000000, 0x0000000620000000, 0x0000000620200000|  0%| F|  |TAMS 0x0000000620000000, 0x0000000620000000| Untracked 
| 241|0x0000000620200000, 0x0000000620200000, 0x0000000620400000|  0%| F|  |TAMS 0x0000000620200000, 0x0000000620200000| Untracked 
| 242|0x0000000620400000, 0x0000000620400000, 0x0000000620600000|  0%| F|  |TAMS 0x0000000620400000, 0x0000000620400000| Untracked 
| 243|0x0000000620600000, 0x0000000620600000, 0x0000000620800000|  0%| F|  |TAMS 0x0000000620600000, 0x0000000620600000| Untracked 
| 244|0x0000000620800000, 0x0000000620800000, 0x0000000620a00000|  0%| F|  |TAMS 0x0000000620800000, 0x0000000620800000| Untracked 
| 245|0x0000000620a00000, 0x0000000620a00000, 0x0000000620c00000|  0%| F|  |TAMS 0x0000000620a00000, 0x0000000620a00000| Untracked 
| 246|0x0000000620c00000, 0x0000000620c00000, 0x0000000620e00000|  0%| F|  |TAMS 0x0000000620c00000, 0x0000000620c00000| Untracked 
| 247|0x0000000620e00000, 0x0000000620e00000, 0x0000000621000000|  0%| F|  |TAMS 0x0000000620e00000, 0x0000000620e00000| Untracked 
| 248|0x0000000621000000, 0x0000000621000000, 0x0000000621200000|  0%| F|  |TAMS 0x0000000621000000, 0x0000000621000000| Untracked 
| 249|0x0000000621200000, 0x0000000621200000, 0x0000000621400000|  0%| F|  |TAMS 0x0000000621200000, 0x0000000621200000| Untracked 
| 250|0x0000000621400000, 0x0000000621400000, 0x0000000621600000|  0%| F|  |TAMS 0x0000000621400000, 0x0000000621400000| Untracked 
| 251|0x0000000621600000, 0x0000000621600000, 0x0000000621800000|  0%| F|  |TAMS 0x0000000621600000, 0x0000000621600000| Untracked 
| 252|0x0000000621800000, 0x0000000621800000, 0x0000000621a00000|  0%| F|  |TAMS 0x0000000621800000, 0x0000000621800000| Untracked 
| 253|0x0000000621a00000, 0x0000000621a00000, 0x0000000621c00000|  0%| F|  |TAMS 0x0000000621a00000, 0x0000000621a00000| Untracked 
| 254|0x0000000621c00000, 0x0000000621deb978, 0x0000000621e00000| 96%| E|  |TAMS 0x0000000621c00000, 0x0000000621c00000| Complete 

Card table byte_map: [0x0000026280ff0000,0x0000026281fe0000] _byte_map_base: 0x000002627dfe0000

Marking Bits (Prev, Next): (CMBitMap*) 0x00000262e7dd38b8, (CMBitMap*) 0x00000262e7dd38f0
 Prev Bits: [0x0000026282fd0000, 0x000002628af50000)
 Next Bits: [0x000002628af50000, 0x0000026292ed0000)

Polling page: 0x00000262e7520000

Metaspace:

Usage:
  Non-class:      4.00 MB capacity,     3.21 MB ( 80%) used,   807.84 KB ( 20%) free+waste,   128 bytes ( <1%) overhead. 
      Class:    386.00 KB capacity,   314.43 KB ( 81%) used,    71.45 KB ( 19%) free+waste,   128 bytes ( <1%) overhead. 
       Both:      4.38 MB capacity,     3.52 MB ( 80%) used,   879.28 KB ( 20%) free+waste,   256 bytes ( <1%) overhead. 

Virtual space:
  Non-class space:        8.00 MB reserved,       4.25 MB ( 53%) committed 
      Class space:        1.00 GB reserved,     512.00 KB ( <1%) committed 
             Both:        1.01 GB reserved,       4.75 MB ( <1%) committed 

Chunk freelists:
   Non-Class:  0 bytes
       Class:  0 bytes
        Both:  0 bytes

MaxMetaspaceSize: 17179869184.00 GB
CompressedClassSpaceSize: 1.00 GB
Initial GC threshold: 20.80 MB
Current GC threshold: 20.80 MB
CDS: off

CodeHeap 'non-profiled nmethods': size=119168Kb used=20Kb max_used=20Kb free=119147Kb
 bounds [0x00000262f8060000, 0x00000262f82d0000, 0x00000262ff4c0000]
CodeHeap 'profiled nmethods': size=119168Kb used=120Kb max_used=120Kb free=119047Kb
 bounds [0x00000262f0c00000, 0x00000262f0e70000, 0x00000262f8060000]
CodeHeap 'non-nmethods': size=7424Kb used=2159Kb max_used=2169Kb free=5265Kb
 bounds [0x00000262f04c0000, 0x00000262f0730000, 0x00000262f0c00000]
 total_blobs=332 nmethods=90 adapters=153
 compilation: enabled
              stopped_count=0, restarted_count=0
 full_count=0

Compilation events (20 events):
Event: 0.050 Thread 0x00000262968da000 nmethod 82 0x00000262f0c19710 code [0x00000262f0c198c0, 0x00000262f0c19a68]
Event: 0.050 Thread 0x00000262968d8800 nmethod 83 0x00000262f0c19b10 code [0x00000262f0c19ce0, 0x00000262f0c1a078]
Event: 0.050 Thread 0x000002629674f000 nmethod 77 0x00000262f0c1a210 code [0x00000262f0c1a4e0, 0x00000262f0c1ba48]
Event: 0.051 Thread 0x000002629674a000 nmethod 73 0x00000262f8064690 code [0x00000262f8064820, 0x00000262f80649f8]
Event: 0.051 Thread 0x000002629674a000   75       4       java.util.ImmutableCollections$SetN$SetNIterator::hasNext (13 bytes)
Event: 0.051 Thread 0x000002629674a000 nmethod 75 0x00000262f8064b90 code [0x00000262f8064d20, 0x00000262f8064d98]
Event: 0.052 Thread 0x000002629674a000   84       4       java.util.HashMap::afterNodeInsertion (1 bytes)
Event: 0.052 Thread 0x000002629674a000 nmethod 84 0x00000262f8064e90 code [0x00000262f8065020, 0x00000262f8065078]
Event: 0.052 Thread 0x00000262968da000   85       3       java.util.AbstractMap::<init> (5 bytes)
Event: 0.052 Thread 0x00000262968da000 nmethod 85 0x00000262f0c1bf10 code [0x00000262f0c1c0c0, 0x00000262f0c1c218]
Event: 0.052 Thread 0x00000262968d8800   86       3       java.lang.CharacterDataLatin1::getProperties (11 bytes)
Event: 0.052 Thread 0x00000262968d8800 nmethod 86 0x00000262f0c1c310 code [0x00000262f0c1c4c0, 0x00000262f0c1c5f8]
Event: 0.053 Thread 0x000002629674f000   88       3       java.lang.StringLatin1::canEncode (13 bytes)
Event: 0.053 Thread 0x00000262968da000   87       3       java.lang.AbstractStringBuilder::ensureCapacityInternal (39 bytes)
Event: 0.053 Thread 0x000002629674f000 nmethod 88 0x00000262f0c1c710 code [0x00000262f0c1c8c0, 0x00000262f0c1c9f8]
Event: 0.053 Thread 0x00000262968da000 nmethod 87 0x00000262f0c1ca90 code [0x00000262f0c1cc80, 0x00000262f0c1d0f8]
Event: 0.055 Thread 0x00000262968d8800   89       3       java.lang.StringLatin1::indexOf (61 bytes)
Event: 0.055 Thread 0x000002629674f000   90       3       java.lang.String::hashCode (49 bytes)
Event: 0.055 Thread 0x00000262968d8800 nmethod 89 0x00000262f0c1d290 code [0x00000262f0c1d460, 0x00000262f0c1d818]
Event: 0.055 Thread 0x000002629674f000 nmethod 90 0x00000262f0c1d990 code [0x00000262f0c1db80, 0x00000262f0c1df88]

GC Heap History (0 events):
No events

Deoptimization events (4 events):
Event: 0.052 Thread 0x00000262e7d48000 Uncommon trap: trap_request=0xffffff4d fr.pc=0x00000262f80649a8 relative=0x0000000000000188
Event: 0.052 Thread 0x00000262e7d48000 Uncommon trap: reason=unstable_if action=reinterpret pc=0x00000262f80649a8 method=java.lang.String.hashCode()I @ 14 c2
Event: 0.052 Thread 0x00000262e7d48000 DEOPT PACKING pc=0x00000262f80649a8 sp=0x000000f9d40fd9f0
Event: 0.052 Thread 0x00000262e7d48000 DEOPT UNPACKING pc=0x00000262f04c85af sp=0x000000f9d40fd988 mode 2

Classes redefined (0 events):
No events

Internal exceptions (0 events):
No events

Events (20 events):
Event: 0.055 loading class java/lang/PublicMethods$Key done
Event: 0.055 loading class java/lang/Void
Event: 0.055 loading class java/lang/Void done
Event: 0.055 loading class io/github/sartakov1/JniMethods
Event: 0.055 loading class io/github/sartakov1/JniMethods done
Event: 0.055 loading class java/lang/ClassLoader$2
Event: 0.055 loading class java/lang/ClassLoader$2 done
Event: 0.055 loading class java/lang/ClassLoader$NativeLibrary
Event: 0.055 loading class java/lang/ClassLoader$NativeLibrary done
Event: 0.055 loading class java/lang/ClassLoaderHelper
Event: 0.055 loading class java/lang/ClassLoaderHelper done
Event: 0.056 loading class java/util/ArrayDeque$DeqIterator
Event: 0.056 loading class java/util/ArrayDeque$DeqIterator done
Event: 0.056 Loaded shared library C:\Users\sarta\Proger\Java-optimisation\jni-task\libjni\build\lib\main\debug\libjni.dll
Event: 0.056 loading class java/util/concurrent/ConcurrentHashMap$ValuesView
Event: 0.056 loading class java/util/concurrent/ConcurrentHashMap$ValuesView done
Event: 0.056 loading class java/util/concurrent/ConcurrentHashMap$ValueIterator
Event: 0.056 loading class java/util/Enumeration
Event: 0.056 loading class java/util/Enumeration done
Event: 0.056 loading class java/util/concurrent/ConcurrentHashMap$ValueIterator done


Dynamic libraries:
0x00007ff6c3d60000 - 0x00007ff6c3d6d000 	C:\Users\sarta\.jdks\corretto-11.0.19\bin\java.exe
0x00007ff9d5250000 - 0x00007ff9d5464000 	C:\WINDOWS\SYSTEM32\ntdll.dll
0x00007ff9d36f0000 - 0x00007ff9d37b2000 	C:\WINDOWS\System32\KERNEL32.DLL
0x00007ff9d2800000 - 0x00007ff9d2b9c000 	C:\WINDOWS\System32\KERNELBASE.dll
0x00007ff9d2cf0000 - 0x00007ff9d2e01000 	C:\WINDOWS\System32\ucrtbase.dll
0x00007ff9c8fa0000 - 0x00007ff9c8fb9000 	C:\Users\sarta\.jdks\corretto-11.0.19\bin\VCRUNTIME140.dll
0x00007ff9c9080000 - 0x00007ff9c9097000 	C:\Users\sarta\.jdks\corretto-11.0.19\bin\jli.dll
0x00007ff9d4d20000 - 0x00007ff9d4ecb000 	C:\WINDOWS\System32\USER32.dll
0x00007ff9d2cc0000 - 0x00007ff9d2ce6000 	C:\WINDOWS\System32\win32u.dll
0x00007ff9afe80000 - 0x00007ff9b010e000 	C:\WINDOWS\WinSxS\amd64_microsoft.windows.common-controls_6595b64144ccf1df_6.0.22621.608_none_a9444ca7c10bb01d\COMCTL32.dll
0x00007ff9d37c0000 - 0x00007ff9d3867000 	C:\WINDOWS\System32\msvcrt.dll
0x00007ff9d4ed0000 - 0x00007ff9d4ef9000 	C:\WINDOWS\System32\GDI32.dll
0x00007ff9d2ba0000 - 0x00007ff9d2cb3000 	C:\WINDOWS\System32\gdi32full.dll
0x00007ff9d2ed0000 - 0x00007ff9d2f6a000 	C:\WINDOWS\System32\msvcp_win.dll
0x00007ff9d3d00000 - 0x00007ff9d3d31000 	C:\WINDOWS\System32\IMM32.DLL
0x00007ff9a9db0000 - 0x00007ff9a9e4b000 	C:\Users\sarta\.jdks\corretto-11.0.19\bin\msvcp140.dll
0x00007ff92a560000 - 0x00007ff92b0ea000 	C:\Users\sarta\.jdks\corretto-11.0.19\bin\server\jvm.dll
0x00007ff9d3340000 - 0x00007ff9d33ee000 	C:\WINDOWS\System32\ADVAPI32.dll
0x00007ff9d45e0000 - 0x00007ff9d4684000 	C:\WINDOWS\System32\sechost.dll
0x00007ff9d3220000 - 0x00007ff9d3337000 	C:\WINDOWS\System32\RPCRT4.dll
0x00007ff9d4d10000 - 0x00007ff9d4d18000 	C:\WINDOWS\System32\PSAPI.DLL
0x00007ff9c7b00000 - 0x00007ff9c7b09000 	C:\WINDOWS\SYSTEM32\WSOCK32.dll
0x00007ff9bd150000 - 0x00007ff9bd184000 	C:\WINDOWS\SYSTEM32\WINMM.dll
0x00007ff9d4690000 - 0x00007ff9d4701000 	C:\WINDOWS\System32\WS2_32.dll
0x00007ff9ca420000 - 0x00007ff9ca42a000 	C:\WINDOWS\SYSTEM32\VERSION.dll
0x00007ff9d1650000 - 0x00007ff9d1668000 	C:\WINDOWS\SYSTEM32\kernel.appcore.dll
0x00007ff9ce080000 - 0x00007ff9ce090000 	C:\Users\sarta\.jdks\corretto-11.0.19\bin\verify.dll
0x00007ff9c9d00000 - 0x00007ff9c9f2e000 	C:\WINDOWS\SYSTEM32\DBGHELP.DLL
0x00007ff9d3870000 - 0x00007ff9d3bf9000 	C:\WINDOWS\System32\combase.dll
0x00007ff9d5120000 - 0x00007ff9d51f7000 	C:\WINDOWS\System32\OLEAUT32.dll
0x00007ff9c9ad0000 - 0x00007ff9c9b02000 	C:\WINDOWS\SYSTEM32\dbgcore.DLL
0x00007ff9d2f70000 - 0x00007ff9d2feb000 	C:\WINDOWS\System32\bcryptPrimitives.dll
0x00007ff9c8f70000 - 0x00007ff9c8f98000 	C:\Users\sarta\.jdks\corretto-11.0.19\bin\java.dll
0x00007ff9afc00000 - 0x00007ff9afc0a000 	C:\Users\sarta\.jdks\corretto-11.0.19\bin\jimage.dll
0x00007ff9adf10000 - 0x00007ff9adf28000 	C:\Users\sarta\.jdks\corretto-11.0.19\bin\zip.dll
0x00007ff9d3df0000 - 0x00007ff9d45e0000 	C:\WINDOWS\System32\SHELL32.dll
0x00007ff9d0650000 - 0x00007ff9d0f1d000 	C:\WINDOWS\SYSTEM32\windows.storage.dll
0x00007ff9d0510000 - 0x00007ff9d064e000 	C:\WINDOWS\SYSTEM32\wintypes.dll
0x00007ff9d35f0000 - 0x00007ff9d36e1000 	C:\WINDOWS\System32\SHCORE.dll
0x00007ff9d33f0000 - 0x00007ff9d344e000 	C:\WINDOWS\System32\shlwapi.dll
0x00007ff9d25c0000 - 0x00007ff9d25e1000 	C:\WINDOWS\SYSTEM32\profapi.dll
0x00007ff9a9eb0000 - 0x00007ff9a9f50000 	C:\Users\sarta\Proger\Java-optimisation\jni-task\libjni\build\lib\main\debug\libjni.dll

dbghelp: loaded successfully - version: 4.0.5 - missing functions: none
symbol engine: initialized successfully - sym options: 0x614 - pdb path: .;C:\Users\sarta\.jdks\corretto-11.0.19\bin;C:\WINDOWS\SYSTEM32;C:\WINDOWS\WinSxS\amd64_microsoft.windows.common-controls_6595b64144ccf1df_6.0.22621.608_none_a9444ca7c10bb01d;C:\Users\sarta\.jdks\corretto-11.0.19\bin\server;C:\Users\sarta\Proger\Java-optimisation\jni-task\libjni\build\lib\main\debug

VM Arguments:
jvm_args: -Djava.library.path=C:\Users\sarta\Proger\Java-optimisation\jni-task\libjni\build\lib\main\debug -Dfile.encoding=windows-1252 -Duser.country=US -Duser.language=en -Duser.variant 
java_command: io.github.sartakov1.Main
java_class_path (initial): C:\Users\sarta\Proger\Java-optimisation\jni-task\build\classes\java\main;C:\Users\sarta\Proger\Java-optimisation\jni-task\build\resources\main
Launcher Type: SUN_STANDARD

[Global flags]
     intx CICompilerCount                          = 12                                        {product} {ergonomic}
     uint ConcGCThreads                            = 3                                         {product} {ergonomic}
     uint G1ConcRefinementThreads                  = 13                                        {product} {ergonomic}
   size_t G1HeapRegionSize                         = 2097152                                   {product} {ergonomic}
    uintx GCDrainStackTargetSize                   = 64                                        {product} {ergonomic}
   size_t InitialHeapSize                          = 534773760                                 {product} {ergonomic}
   size_t MarkStackSize                            = 4194304                                   {product} {ergonomic}
   size_t MaxHeapSize                              = 8556380160                                {product} {ergonomic}
   size_t MaxNewSize                               = 5133828096                                {product} {ergonomic}
   size_t MinHeapDeltaBytes                        = 2097152                                   {product} {ergonomic}
    uintx NonNMethodCodeHeapSize                   = 7594288                                {pd product} {ergonomic}
    uintx NonProfiledCodeHeapSize                  = 122031976                              {pd product} {ergonomic}
    uintx ProfiledCodeHeapSize                     = 122031976                              {pd product} {ergonomic}
    uintx ReservedCodeCacheSize                    = 251658240                              {pd product} {ergonomic}
     bool SegmentedCodeCache                       = true                                      {product} {ergonomic}
     bool UseCompressedClassPointers               = true                                 {lp64_product} {ergonomic}
     bool UseCompressedOops                        = true                                 {lp64_product} {ergonomic}
     bool UseG1GC                                  = true                                      {product} {ergonomic}
     bool UseLargePagesIndividualAllocation        = false                                  {pd product} {ergonomic}

Logging:
Log output configuration:
 #0: stdout all=warning uptime,level,tags
 #1: stderr all=off uptime,level,tags

Environment Variables:
JAVA_HOME=C:\Program Files\Java\jdk-18.0.2.1
PATH=C:\Program Files\Common Files\Oracle\Java\javapath;C:\Windows\system32;C:\Windows;C:\Windows\System32\Wbem;C:\Windows\System32\WindowsPowerShell\v1.0\;C:\Windows\System32\OpenSSH\;C:\Program Files\NVIDIA Corporation\NVIDIA NvDLISR;C:\Program Files (x86)\NVIDIA Corporation\PhysX\Common;C:\Program Files\Git\cmd;C:\Program Files\dotnet\;C:\Program Files\Go\bin;C:\Program Files\Docker\Docker\resources\bin;C:\ProgramData\DockerDesktop\version-bin;C:\Program Files (x86)\dotnet\;C:\Program Files\Kotlin\kotlinc\bin;C:\msys64\mingw64\bin;C:\MinGW\bin;C:\Program Files\nodejs\;C:\WINDOWS\system32;C:\WINDOWS;C:\WINDOWS\System32\Wbem;C:\WINDOWS\System32\WindowsPowerShell\v1.0\;C:\WINDOWS\System32\OpenSSH\;C:\Program Files\Java\jdk-18.0.2.1;C:\Users\sarta\scoop\apps\openjdk\current\bin;C:\Users\sarta\scoop\shims;C:\Users\sarta\AppData\Local\Programs\Python\Python310\Scripts\;C:\Users\sarta\AppData\Local\Programs\Python\Python310\;C:\Users\sarta\AppData\Local\Microsoft\WindowsApps;C:\Users\sarta\AppData\Local\JetBrains\Toolbox\scripts;C:\Users\sarta\AppData\Local\Programs\Microsoft VS Code\bin;C:\Users\sarta\go\bin;C:\Program Files\Java\jdk-18.0.2.1\bin;C:\Program Files\Kotlin\kotlinc;C:\Users\sarta\AppData\Local\Programs\oh-my-posh\bin;C:\Users\sarta\AppData\Roaming\npm;C:\Users\sarta\.dotnet\tools;C:\Users\sarta\AppData\Local\Microsoft\WindowsApps;C:\Users\sarta\go\bin
USERNAME=sarta
OS=Windows_NT
PROCESSOR_IDENTIFIER=Intel64 Family 6 Model 167 Stepping 1, GenuineIntel
TMP=C:\Users\sarta\AppData\Local\Temp
TEMP=C:\Users\sarta\AppData\Local\Temp



---------------  S Y S T E M  ---------------

OS: Windows 11 , 64 bit Build 22621 (10.0.22621.1485)
OS uptime: 8 days 11:42 hours
Hyper-V role detected

CPU:total 16 (initial active 16) (8 cores per cpu, 2 threads per core) family 6 model 167 stepping 1 microcode 0x40, cmov, cx8, fxsr, mmx, sse, sse2, sse3, ssse3, sse4.1, sse4.2, popcnt, avx, avx2, aes, clmul, erms, 3dnowpref, lzcnt, ht, tsc, tscinvbit, bmi1, bmi2, adx, evex, sha, fma

Memory: 4k page, system-wide physical 32637M (16619M free)
TotalPageFile size 38781M (AvailPageFile size 14404M)
current process WorkingSet (physical memory assigned to process): 47M, peak: 47M
current process commit charge ("private bytes"): 613M, peak: 613M

vm_info: OpenJDK 64-Bit Server VM (11.0.19+7-LTS) for windows-amd64 JRE (11.0.19+7-LTS), built on Apr 13 2023 22:56:25 by "Administrator" with MS VC++ 15.9 (VS2017)

END.
